#
# There is insufficient memory for the Java Runtime Environment to continue.
# Native memory allocation (mmap) failed to map 257949696 bytes for G1 virtual space
# Possible reasons:
#   The system is out of physical RAM or swap space
#   The process is running with CompressedOops enabled, and the Java Heap may be blocking the growth of the native heap
# Possible solutions:
#   Reduce memory load on the system
#   Increase physical memory or swap space
#   Check if swap backing store is full
#   Decrease Java heap size (-Xmx/-Xms)
#   Decrease number of Java threads
#   Decrease Java thread stack sizes (-Xss)
#   Set larger code cache with -XX:ReservedCodeCacheSize=
#   JVM is running with Zero Based Compressed Oops mode in which the Java heap is
#     placed in the first 32GB address space. The Java Heap base address is the
#     maximum limit for the native heap growth. Please use -XX:HeapBaseMinAddress
#     to set the Java Heap base and to place the Java Heap above 32GB virtual address.
# This output file may be truncated or incomplete.
#
#  Out of Memory Error (os_windows.cpp:3600), pid=31152, tid=35448
#
# JRE version:  (21.0.1+12) (build )
# Java VM: OpenJDK 64-Bit Server VM (21.0.1+12-29, mixed mode, sharing, tiered, compressed oops, compressed class ptrs, g1 gc, windows-amd64)
# No core dump will be written. Minidumps are not enabled by default on client versions of Windows
#

---------------  S U M M A R Y ------------

Command Line: -javaagent:D:\IntelliJ IDEA 2023.2.5\lib\idea_rt.jar=54907:D:\IntelliJ IDEA 2023.2.5\bin -Dfile.encoding=UTF-8 -Dsun.stdout.encoding=UTF-8 -Dsun.stderr.encoding=UTF-8 --module-path=C:\Users\Pavilion\.m2\repository\org\hibernate\orm\hibernate-core\6.4.0.Final\hibernate-core-6.4.0.Final.jar;C:\Users\Pavilion\.m2\repository\org\hibernate\hibernate-core\5.6.15.Final\hibernate-core-5.6.15.Final.jar;C:\Users\Pavilion\.m2\repository\org\openjfx\javafx-base\20.0.1\javafx-base-20.0.1-win.jar;C:\Users\Pavilion\.m2\repository\org\openjfx\javafx-fxml\21.0.1\javafx-fxml-21.0.1-win.jar;C:\Users\Pavilion\.m2\repository\jakarta\persistence\jakarta.persistence-api\3.1.0\jakarta.persistence-api-3.1.0.jar;C:\Users\Pavilion\.m2\repository\org\hibernate\common\hibernate-commons-annotations\6.0.6.Final\hibernate-commons-annotations-6.0.6.Final.jar;C:\Users\Pavilion\.m2\repository\org\openjfx\javafx-controls\20.0.1\javafx-controls-20.0.1-win.jar;C:\Users\Pavilion\.m2\repository\org\projectlombok\lombok\1.18.30\lombok-1.18.30.jar;C:\Users\Pavilion\.m2\repository\org\controlsfx\controlsfx\11.1.2\controlsfx-11.1.2.jar;C:\Users\Pavilion\.m2\repository\org\openjfx\javafx-graphics\20.0.1\javafx-graphics-20.0.1-win.jar;D:\Str_web\jewelry\target\classes -Djdk.module.main=by.bsuir.jewelry by.bsuir.jewelry/by.bsuir.jewelry.JewelryApplication

Host: AMD Ryzen 7 4700U with Radeon Graphics         , 8 cores, 15G,  Windows 10 , 64 bit Build 19041 (10.0.19041.1348)
Time: Thu Dec  7 23:16:30 2023  Windows 10 , 64 bit Build 19041 (10.0.19041.1348) elapsed time: 0.011251 seconds (0d 0h 0m 0s)

---------------  T H R E A D  ---------------

Current thread (0x000002248d24ee40):  JavaThread "Unknown thread" [_thread_in_vm, id=35448, stack(0x000000d7da600000,0x000000d7da700000) (1024K)]

Stack: [0x000000d7da600000,0x000000d7da700000]
Native frames: (J=compiled Java code, j=interpreted, Vv=VM code, C=native code)
V  [jvm.dll+0x6c9029]
V  [jvm.dll+0x854b81]
V  [jvm.dll+0x856e5e]
V  [jvm.dll+0x857543]
V  [jvm.dll+0x280c06]
V  [jvm.dll+0x6c5715]
V  [jvm.dll+0x6ba10a]
V  [jvm.dll+0x3557ea]
V  [jvm.dll+0x35d436]
V  [jvm.dll+0x3ae1be]
V  [jvm.dll+0x3ae468]
V  [jvm.dll+0x3291fc]
V  [jvm.dll+0x329d8b]
V  [jvm.dll+0x81d179]
V  [jvm.dll+0x3bb4f1]
V  [jvm.dll+0x805ae8]
V  [jvm.dll+0x44effe]
V  [jvm.dll+0x450901]
C  [jli.dll+0x52a3]
C  [ucrtbase.dll+0x21bb2]
C  [KERNEL32.DLL+0x17034]
C  [ntdll.dll+0x52651]


---------------  P R O C E S S  ---------------

Threads class SMR info:
_java_thread_list=0x00007ffdcd359b88, length=0, elements={
}

Java Threads: ( => current thread )
Total: 0

Other Threads:
  0x000002248d2b2df0 WorkerThread "GC Thread#0"                     [id=44816, stack(0x000000d7da700000,0x000000d7da800000) (1024K)]
  0x000002248b1fdd10 ConcurrentGCThread "G1 Main Marker"            [id=45856, stack(0x000000d7da800000,0x000000d7da900000) (1024K)]
  0x000002248d2bf6e0 WorkerThread "G1 Conc#0"                       [id=33448, stack(0x000000d7da900000,0x000000d7daa00000) (1024K)]

[error occurred during error reporting (printing all threads), id 0xc0000005, EXCEPTION_ACCESS_VIOLATION (0xc0000005) at pc=0x00007ffdccacc2c7]
VM state: not at safepoint (not fully initialized)

VM Mutex/Monitor currently owned by a thread:  ([mutex/lock_event])
[0x00007ffdcd3ca6f8] Heap_lock - owner thread: 0x000002248d24ee40

Heap address: 0x000000070a200000, size: 3934 MB, Compressed Oops mode: Zero based, Oop shift amount: 3

CDS archive(s) mapped at: [0x0000000000000000-0x0000000000000000-0x0000000000000000), size 0, SharedBaseAddress: 0x0000000800000000, ArchiveRelocationMode: 1.
Narrow klass base: 0x0000000000000000, Narrow klass shift: 0, Narrow klass range: 0x0

GC Precious Log:
 CardTable entry size: 512
 Card Set container configuration: InlinePtr #cards 4 size 8 Array Of Cards #cards 16 size 48 Howl #buckets 8 coarsen threshold 3686 Howl Bitmap #cards 512 size 80 coarsen threshold 460 Card regions per heap region 1 cards per card region 4096

Heap:
 garbage-first heap   total 0K, used 0K [0x000000070a200000, 0x0000000800000000)
  region size 2048K, 0 young (0K), 0 survivors (0K)

[error occurred during error reporting (printing heap information), id 0xc0000005, EXCEPTION_ACCESS_VIOLATION (0xc0000005) at pc=0x00007ffdcceb1be9]
GC Heap History (0 events):
No events

Dll operation events (1 events):
Event: 0.006 Loaded shared library C:\Users\Pavilion\.jdks\openjdk-21.0.1\bin\java.dll

Deoptimization events (0 events):
No events

Classes loaded (0 events):
No events

Classes unloaded (0 events):
No events

Classes redefined (0 events):
No events

Internal exceptions (0 events):
No events

ZGC Phase Switch (0 events):
No events

VM Operations (0 events):
No events

Events (0 events):
No events


Dynamic libraries:
0x00007ff7a4f70000 - 0x00007ff7a4f7e000 	C:\Users\Pavilion\.jdks\openjdk-21.0.1\bin\java.exe
0x00007ffe14250000 - 0x00007ffe14445000 	C:\windows\SYSTEM32\ntdll.dll
0x00007ffe13f70000 - 0x00007ffe1402e000 	C:\windows\System32\KERNEL32.DLL
0x00007ffe11a80000 - 0x00007ffe11d48000 	C:\windows\System32\KERNELBASE.dll
0x00007ffe11d50000 - 0x00007ffe11e50000 	C:\windows\System32\ucrtbase.dll
0x00007ffe010b0000 - 0x00007ffe010cb000 	C:\Users\Pavilion\.jdks\openjdk-21.0.1\bin\VCRUNTIME140.dll
0x00007ffe01300000 - 0x00007ffe01318000 	C:\Users\Pavilion\.jdks\openjdk-21.0.1\bin\jli.dll
0x00007ffe124a0000 - 0x00007ffe12641000 	C:\windows\System32\USER32.dll
0x00007ffe11e80000 - 0x00007ffe11ea2000 	C:\windows\System32\win32u.dll
0x00007ffe03b90000 - 0x00007ffe03e2a000 	C:\windows\WinSxS\amd64_microsoft.windows.common-controls_6595b64144ccf1df_6.0.19041.1110_none_60b5254171f9507e\COMCTL32.dll
0x00007ffe13970000 - 0x00007ffe1399b000 	C:\windows\System32\GDI32.dll
0x00007ffe14170000 - 0x00007ffe1420e000 	C:\windows\System32\msvcrt.dll
0x00007ffe12010000 - 0x00007ffe1211b000 	C:\windows\System32\gdi32full.dll
0x00007ffe121b0000 - 0x00007ffe1224d000 	C:\windows\System32\msvcp_win.dll
0x00007ffe12b50000 - 0x00007ffe12b80000 	C:\windows\System32\IMM32.DLL
0x00007ffe0d7d0000 - 0x00007ffe0d7dc000 	C:\Users\Pavilion\.jdks\openjdk-21.0.1\bin\vcruntime140_1.dll
0x00007ffdf8880000 - 0x00007ffdf890e000 	C:\Users\Pavilion\.jdks\openjdk-21.0.1\bin\msvcp140.dll
0x00007ffdcc790000 - 0x00007ffdcd4a5000 	C:\Users\Pavilion\.jdks\openjdk-21.0.1\bin\server\jvm.dll
0x00007ffe12990000 - 0x00007ffe12a3c000 	C:\windows\System32\ADVAPI32.dll
0x00007ffe12650000 - 0x00007ffe126eb000 	C:\windows\System32\sechost.dll
0x00007ffe139a0000 - 0x00007ffe13aca000 	C:\windows\System32\RPCRT4.dll
0x00007ffe135a0000 - 0x00007ffe1360b000 	C:\windows\System32\WS2_32.dll
0x00007ffe077c0000 - 0x00007ffe077ca000 	C:\windows\SYSTEM32\VERSION.dll
0x00007ffe06af0000 - 0x00007ffe06b17000 	C:\windows\SYSTEM32\WINMM.dll
0x00007ffe113a0000 - 0x00007ffe113eb000 	C:\windows\SYSTEM32\POWRPROF.dll
0x00007ffe11350000 - 0x00007ffe11362000 	C:\windows\SYSTEM32\UMPDC.dll
0x00007ffe0f850000 - 0x00007ffe0f862000 	C:\windows\SYSTEM32\kernel.appcore.dll
0x00007ffe0c520000 - 0x00007ffe0c52a000 	C:\Users\Pavilion\.jdks\openjdk-21.0.1\bin\jimage.dll
0x00007ffe01110000 - 0x00007ffe012f4000 	C:\windows\SYSTEM32\DBGHELP.DLL
0x00007ffdff270000 - 0x00007ffdff29c000 	C:\windows\SYSTEM32\dbgcore.DLL
0x00007ffe12120000 - 0x00007ffe121a3000 	C:\windows\System32\bcryptPrimitives.dll
0x00007ffe01070000 - 0x00007ffe0107f000 	C:\Users\Pavilion\.jdks\openjdk-21.0.1\bin\instrument.dll
0x00007ffe01090000 - 0x00007ffe010af000 	C:\Users\Pavilion\.jdks\openjdk-21.0.1\bin\java.dll

dbghelp: loaded successfully - version: 4.0.5 - missing functions: none
symbol engine: initialized successfully - sym options: 0x614 - pdb path: .;C:\Users\Pavilion\.jdks\openjdk-21.0.1\bin;C:\windows\SYSTEM32;C:\windows\WinSxS\amd64_microsoft.windows.common-controls_6595b64144ccf1df_6.0.19041.1110_none_60b5254171f9507e;C:\Users\Pavilion\.jdks\openjdk-21.0.1\bin\server

VM Arguments:
jvm_args: -javaagent:D:\IntelliJ IDEA 2023.2.5\lib\idea_rt.jar=54907:D:\IntelliJ IDEA 2023.2.5\bin -Dfile.encoding=UTF-8 -Dsun.stdout.encoding=UTF-8 -Dsun.stderr.encoding=UTF-8 --module-path=C:\Users\Pavilion\.m2\repository\org\hibernate\orm\hibernate-core\6.4.0.Final\hibernate-core-6.4.0.Final.jar;C:\Users\Pavilion\.m2\repository\org\hibernate\hibernate-core\5.6.15.Final\hibernate-core-5.6.15.Final.jar;C:\Users\Pavilion\.m2\repository\org\openjfx\javafx-base\20.0.1\javafx-base-20.0.1-win.jar;C:\Users\Pavilion\.m2\repository\org\openjfx\javafx-fxml\21.0.1\javafx-fxml-21.0.1-win.jar;C:\Users\Pavilion\.m2\repository\jakarta\persistence\jakarta.persistence-api\3.1.0\jakarta.persistence-api-3.1.0.jar;C:\Users\Pavilion\.m2\repository\org\hibernate\common\hibernate-commons-annotations\6.0.6.Final\hibernate-commons-annotations-6.0.6.Final.jar;C:\Users\Pavilion\.m2\repository\org\openjfx\javafx-controls\20.0.1\javafx-controls-20.0.1-win.jar;C:\Users\Pavilion\.m2\repository\org\projectlombok\lombok\1.18.30\lombok-1.18.30.jar;C:\Users\Pavilion\.m2\repository\org\controlsfx\controlsfx\11.1.2\controlsfx-11.1.2.jar;C:\Users\Pavilion\.m2\repository\org\openjfx\javafx-graphics\20.0.1\javafx-graphics-20.0.1-win.jar;D:\Str_web\jewelry\target\classes -Djdk.module.main=by.bsuir.jewelry 
java_command: by.bsuir.jewelry/by.bsuir.jewelry.JewelryApplication
java_class_path (initial): C:\Users\Pavilion\.m2\repository\org\openjfx\javafx-controls\20.0.1\javafx-controls-20.0.1.jar;C:\Users\Pavilion\.m2\repository\org\openjfx\javafx-fxml\21.0.1\javafx-fxml-21.0.1.jar;C:\Users\Pavilion\.m2\repository\jakarta\transaction\jakarta.transaction-api\2.0.1\jakarta.transaction-api-2.0.1.jar;C:\Users\Pavilion\.m2\repository\org\jboss\logging\jboss-logging\3.5.0.Final\jboss-logging-3.5.0.Final.jar;C:\Users\Pavilion\.m2\repository\io\smallrye\jandex\3.1.2\jandex-3.1.2.jar;C:\Users\Pavilion\.m2\repository\com\fasterxml\classmate\1.5.1\classmate-1.5.1.jar;C:\Users\Pavilion\.m2\repository\net\bytebuddy\byte-buddy\1.14.7\byte-buddy-1.14.7.jar;C:\Users\Pavilion\.m2\repository\jakarta\xml\bind\jakarta.xml.bind-api\4.0.0\jakarta.xml.bind-api-4.0.0.jar;C:\Users\Pavilion\.m2\repository\jakarta\activation\jakarta.activation-api\2.1.0\jakarta.activation-api-2.1.0.jar;C:\Users\Pavilion\.m2\repository\org\glassfish\jaxb\jaxb-runtime\4.0.2\jaxb-runtime-4.0.2.jar;C:\Users\Pavilion\.m2\repository\org\glassfish\jaxb\jaxb-core\4.0.2\jaxb-core-4.0.2.jar;C:\Users\Pavilion\.m2\repository\org\eclipse\angus\angus-activation\2.0.0\angus-activation-2.0.0.jar;C:\Users\Pavilion\.m2\repository\org\glassfish\jaxb\txw2\4.0.2\txw2-4.0.2.jar;C:\Users\Pavilion\.m2\repository\com\sun\istack\istack-commons-runtime\4.1.1\istack-commons-runtime-4.1.1.jar;C:\Users\Pavilion\.m2\repository\jakarta\inject\jakarta.inject-api\2.0.1\jakarta.inject-api-2.0.1.jar;C:\Users\Pavilion\.m2\repository\org\antlr\antlr4-runtime\4.13.0\antlr4-runtime-4.13.0.jar;C:\Users\Pavilion\.m2\repository\org\hibernate\hibernate-entitymanager\5.6.15.Final\hibernate-entitymanager-5.6.15.Final.jar;C:\Users\Pavilion\.m2\repository\antlr\antlr\2.7.7\antlr-2.7.7.jar;C:\Users\Pavilion\.m2\repository\org\jboss\jandex\2.4.2.Final\jandex-2.4.2.Final.jar;C:\Users\Pavilion\.m2\repository\javax\activation\javax.activation-api\1.2.0\javax.activation-api-1.2.0.jar;C:\Users\Pavilion\.m2\repository\javax\xml\bind\jaxb-api\2.3.1\jaxb-api-2.3.1.jar;C:\Users\Pavilion\.m2\repository\javax\persistence\javax.persistence-api\2.2\javax.persistence-api-2.2.jar;C:\Users\Pavilion\.m2\repository\org\jboss\spec\javax\transaction\jboss-transaction-api_1.2_spec\1.1.1.Final\jboss-transaction-api_1.2_spec-1.1.1.Final.jar;C:\Users\Pavilion\.m2\repository\com\mysql\mysql-connector-j\8.0.33\mysql-connector-j-8.0.33.jar;C:\Users\Pavilion\.m2\repository\com\google\protobuf\protobuf-java\3.21.9\protobuf-java-3.21.9.jar;C:\Users\Pavilion\.m2\repository\org\openjfx\javafx-graphics\20.0.1\javafx-graphics-20.0.1.jar;C:\Users\Pavilion\.m2\repository\org\openjfx\javafx-base\20.0.1\javafx-base-20.0.1.jar
Launcher Type: SUN_STANDARD

[Global flags]
     intx CICompilerCount                          = 4                                         {product} {ergonomic}
     uint ConcGCThreads                            = 2                                         {product} {ergonomic}
     uint G1ConcRefinementThreads                  = 8                                         {product} {ergonomic}
   size_t G1HeapRegionSize                         = 2097152                                   {product} {ergonomic}
    uintx GCDrainStackTargetSize                   = 64                                        {product} {ergonomic}
   size_t InitialHeapSize                          = 257949696                                 {product} {ergonomic}
   size_t MarkStackSize                            = 4194304                                   {product} {ergonomic}
   size_t MaxHeapSize                              = 4125097984                                {product} {ergonomic}
   size_t MinHeapDeltaBytes                        = 2097152                                   {product} {ergonomic}
   size_t MinHeapSize                              = 8388608                                   {product} {ergonomic}
    uintx NonNMethodCodeHeapSize                   = 5839372                                {pd product} {ergonomic}
    uintx NonProfiledCodeHeapSize                  = 122909434                              {pd product} {ergonomic}
    uintx ProfiledCodeHeapSize                     = 122909434                              {pd product} {ergonomic}
    uintx ReservedCodeCacheSize                    = 251658240                              {pd product} {ergonomic}
     bool SegmentedCodeCache                       = true                                      {product} {ergonomic}
   size_t SoftMaxHeapSize                          = 4125097984                             {manageable} {ergonomic}
     bool UseCompressedOops                        = true                           {product lp64_product} {ergonomic}
     bool UseG1GC                                  = true                                      {product} {ergonomic}
     bool UseLargePagesIndividualAllocation        = false                                  {pd product} {ergonomic}

Logging:
Log output configuration:
 #0: stdout all=warning uptime,level,tags foldmultilines=false
 #1: stderr all=off uptime,level,tags foldmultilines=false

Environment Variables:
JAVA_HOME=C:\Program Files\Microsoft\jdk-21.0.1
PATH=C:\Program Files\Microsoft\jdk-21.0.1\bin;C:\Program Files (x86)\NVIDIA Corporation\PhysX\Common;C:\ProgramData\Oracle\Java\javapath;C:\windows\system32;C:\windows;C:\windows\System32\Wbem;C:\windows\System32\WindowsPowerShell\v1.0\;C:\windows\System32\OpenSSH\;C:\Program Files\Microsoft SQL Server\Client SDK\ODBC\170\Tools\Binn\;C:\Program Files\Git\cmd;C:\Program Files (x86)\Microsoft SQL Server\150\Tools\Binn\;C:\Program Files\Microsoft SQL Server\150\Tools\Binn\;C:\Program Files\Microsoft SQL Server\150\DTS\Binn\;C:\Program Files\Azure Data Studio\bin;C:\Program Files (x86)\Microsoft SQL Server\150\DTS\Binn\;C:\Program Files\dotnet\;C:\Program Files\Cloudflare\Cloudflare WARP\;C:\cygwin64\bin;C:\Program Files\nodejs\;D:\apache-maven-3.9.4\bin;C:\Users\Pavilion\AppData\Local\Programs\Python\Python310\Scripts\;C:\Users\Pavilion\AppData\Local\Programs\Python\Python310\;C:\Users\Pavilion\AppData\Local\Microsoft\WindowsApps;C:\Users\Pavilion\.dotnet\tools;C:\Program Files\Azure Data Studio\bin;C:\Users\Pavilion\.dotnet\tools;C:\Users\Pavilion\AppData\Roaming\npm
USERNAME=Pavilion
OS=Windows_NT
PROCESSOR_IDENTIFIER=AMD64 Family 23 Model 96 Stepping 1, AuthenticAMD
TMP=C:\Users\Pavilion\AppData\Local\Temp
TEMP=C:\Users\Pavilion\AppData\Local\Temp




Periodic native trim disabled

---------------  S Y S T E M  ---------------

OS:
 Windows 10 , 64 bit Build 19041 (10.0.19041.1348)
OS uptime: 2 days 4:58 hours

CPU: total 8 (initial active 8) (8 cores per cpu, 1 threads per core) family 23 model 96 stepping 1 microcode 0x0, cx8, cmov, fxsr, mmx, 3dnowpref, sse, sse2, sse3, ssse3, sse4a, sse4.1, sse4.2, popcnt, lzcnt, tsc, tscinvbit, avx, avx2, aes, clmul, bmi1, bmi2, adx, sha, fma, vzeroupper, clflush, clflushopt, rdtscp, rdpid, f16c
Processor Information for all 8 processors :
  Max Mhz: 2000, Current Mhz: 2000, Mhz Limit: 2000

Memory: 4k page, system-wide physical 15732M (3560M free)
TotalPageFile size 24732M (AvailPageFile size 64M)
current process WorkingSet (physical memory assigned to process): 10M, peak: 10M
current process commit charge ("private bytes"): 60M, peak: 306M

vm_info: OpenJDK 64-Bit Server VM (21.0.1+12-29) for windows-amd64 JRE (21.0.1+12-29), built on 2023-10-05T13:27:09Z by "mach5one" with MS VC++ 17.1 (VS2022)

END.
